  Bot.cpp
c:\users\pc\desktop\perish\perish\bot.cpp(55): warning C4305: 'initializing': truncation from 'double' to 'float'
c:\users\pc\desktop\perish\perish\bot.cpp(57): warning C4244: 'argument': conversion from 'double' to 'float32', possible loss of data
  Generating Code...
  Compiling...
  Wall.cpp
  UserController.cpp
  Static.cpp
c:\users\pc\desktop\perish\perish\static.cpp(30): warning C4244: 'argument': conversion from 'int' to 'float', possible loss of data
c:\users\pc\desktop\perish\perish\static.cpp(31): warning C4244: 'argument': conversion from 'int' to 'float', possible loss of data
c:\users\pc\desktop\perish\perish\static.cpp(32): warning C4244: 'argument': conversion from 'int' to 'float', possible loss of data
  Player.cpp
c:\users\pc\desktop\perish\perish\player.cpp(24): warning C4244: 'argument': conversion from 'unsigned int' to 'float', possible loss of data
  Main.cpp
  LightManager.cpp
c:\users\pc\desktop\perish\perish\lightmanager.cpp(16): warning C4244: 'argument': conversion from 'float' to 'unsigned int', possible loss of data
  GameManager.cpp
c:\users\pc\desktop\perish\perish\gamemanager.cpp(93): warning C4244: 'argument': conversion from 'int' to 'float32', possible loss of data
  Entity.cpp
  DrawManager.cpp
c:\users\pc\desktop\perish\perish\drawmanager.cpp(60): warning C4018: '<': signed/unsigned mismatch
c:\users\pc\desktop\perish\perish\drawmanager.cpp(64): warning C4018: '<': signed/unsigned mismatch
  Debug.cpp
c:\users\pc\desktop\perish\perish\debug.cpp(34): warning C4018: '>': signed/unsigned mismatch
  Controller.cpp
  CollisionHandler.cpp
  Box.cpp
  Generating Code...
  Miscellaneous.cpp
c:\users\pc\desktop\perish\perish\miscellaneous.cpp(38): warning C4018: '<': signed/unsigned mismatch
c:\users\pc\desktop\perish\perish\miscellaneous.cpp(63): warning C4018: '<': signed/unsigned mismatch
c:\users\pc\desktop\perish\perish\miscellaneous.cpp(161): warning C4244: 'initializing': conversion from 'float' to 'int', possible loss of data
c:\users\pc\desktop\perish\perish\miscellaneous.cpp(162): warning C4244: 'initializing': conversion from 'float' to 'int', possible loss of data
c:\users\pc\desktop\perish\perish\miscellaneous.cpp(163): warning C4244: 'initializing': conversion from 'const float' to 'int', possible loss of data
c:\users\pc\desktop\perish\perish\miscellaneous.cpp(164): warning C4244: 'initializing': conversion from 'const float' to 'int', possible loss of data
c:\users\pc\desktop\perish\perish\miscellaneous.cpp(165): warning C4244: 'initializing': conversion from 'float' to 'int', possible loss of data
c:\users\pc\desktop\perish\perish\miscellaneous.cpp(166): warning C4244: 'initializing': conversion from 'float' to 'int', possible loss of data
c:\users\pc\desktop\perish\perish\miscellaneous.cpp(190): warning C4244: 'initializing': conversion from 'float' to 'int', possible loss of data
c:\users\pc\desktop\perish\perish\miscellaneous.cpp(191): warning C4244: 'initializing': conversion from 'float' to 'int', possible loss of data
  perish.vcxproj -> C:\Users\pc\Desktop\perish\Debug\perish.exe
